# JRE version: Java(TM) SE Runtime Environment (22.0.2+9) (build 22.0.2+9-70)
# Java VM: Java HotSpot(TM) 64-Bit Server VM (22.0.2+9-70, mixed mode, sharing, tiered, compressed oops, compressed class ptrs, g1 gc, windows-amd64)
GC Precious Log:
 CardTable entry size: 512
 Card Set container configuration: InlinePtr #cards 5 size 8 Array Of Cards #cards 12 size 40 Howl #buckets 4 coarsen threshold 1843 Howl Bitmap #cards 512 size 80 coarsen threshold 460 Card regions per heap region 1 cards per card region 2048
 CPUs: 8 total, 8 available
 Memory: 7886M
 Large Page Support: Disabled
 NUMA Support: Disabled
 Compressed Oops: Enabled (32-bit)
 Heap Region Size: 1M
 Heap Min Capacity: 8M
 Heap Initial Capacity: 124M
 Heap Max Capacity: 1972M
 Pre-touch: Disabled
 Parallel Workers: 8
 Concurrent Workers: 2
 Concurrent Refinement Workers: 8
 Periodic GC: Disabled
Heap:
 garbage-first heap   total reserved 2019328K, committed 65536K, used 55598K [0x0000000084c00000, 0x0000000100000000)
  region size 1024K, 34 young (34816K), 3 survivors (3072K)
 Metaspace       used 56785K, committed 57408K, reserved 1114112K
  class space    used 7627K, committed 7872K, reserved 1048576K
GC Heap History (20 events):
Event: 6.449 GC heap before
{Heap before GC invocations=8 (full 0):
 garbage-first heap   total reserved 2019328K, committed 54272K, used 45051K [0x0000000084c00000, 0x0000000100000000)
  region size 1024K, 31 young (31744K), 3 survivors (3072K)
 Metaspace       used 29723K, committed 30144K, reserved 1114112K
  class space    used 3713K, committed 3904K, reserved 1048576K
}
Event: 6.454 GC heap after
{Heap after GC invocations=9 (full 0):
 garbage-first heap   total reserved 2019328K, committed 54272K, used 17630K [0x0000000084c00000, 0x0000000100000000)
  region size 1024K, 3 young (3072K), 3 survivors (3072K)
 Metaspace       used 29723K, committed 30144K, reserved 1114112K
  class space    used 3713K, committed 3904K, reserved 1048576K
}
Event: 7.137 GC heap before
{Heap before GC invocations=9 (full 0):
 garbage-first heap   total reserved 2019328K, committed 54272K, used 45278K [0x0000000084c00000, 0x0000000100000000)
  region size 1024K, 31 young (31744K), 3 survivors (3072K)
 Metaspace       used 32658K, committed 33216K, reserved 1114112K
  class space    used 4126K, committed 4352K, reserved 1048576K
}
Event: 7.142 GC heap after
{Heap after GC invocations=10 (full 0):
 garbage-first heap   total reserved 2019328K, committed 54272K, used 19432K [0x0000000084c00000, 0x0000000100000000)
  region size 1024K, 4 young (4096K), 4 survivors (4096K)
 Metaspace       used 32658K, committed 33216K, reserved 1114112K
  class space    used 4126K, committed 4352K, reserved 1048576K
}
Event: 7.646 GC heap before
{Heap before GC invocations=10 (full 0):
 garbage-first heap   total reserved 2019328K, committed 54272K, used 45032K [0x0000000084c00000, 0x0000000100000000)
  region size 1024K, 29 young (29696K), 4 survivors (4096K)
 Metaspace       used 34529K, committed 35072K, reserved 1114112K
  class space    used 4366K, committed 4608K, reserved 1048576K
}
Event: 7.653 GC heap after
{Heap after GC invocations=11 (full 0):
 garbage-first heap   total reserved 2019328K, committed 54272K, used 20471K [0x0000000084c00000, 0x0000000100000000)
  region size 1024K, 3 young (3072K), 3 survivors (3072K)
 Metaspace       used 34529K, committed 35072K, reserved 1114112K
  class space    used 4366K, committed 4608K, reserved 1048576K
}
Event: 7.812 GC heap before
{Heap before GC invocations=11 (full 0):
 garbage-first heap   total reserved 2019328K, committed 54272K, used 29687K [0x0000000084c00000, 0x0000000100000000)
  region size 1024K, 13 young (13312K), 3 survivors (3072K)
 Metaspace       used 35605K, committed 36096K, reserved 1114112K
  class space    used 4497K, committed 4736K, reserved 1048576K
}
Event: 7.817 GC heap after
{Heap after GC invocations=12 (full 0):
 garbage-first heap   total reserved 2019328K, committed 54272K, used 20556K [0x0000000084c00000, 0x0000000100000000)
  region size 1024K, 2 young (2048K), 2 survivors (2048K)
 Metaspace       used 35605K, committed 36096K, reserved 1114112K
  class space    used 4497K, committed 4736K, reserved 1048576K
}
Event: 8.278 GC heap before
{Heap before GC invocations=13 (full 0):
 garbage-first heap   total reserved 2019328K, committed 54272K, used 46156K [0x0000000084c00000, 0x0000000100000000)
  region size 1024K, 28 young (28672K), 2 survivors (2048K)
 Metaspace       used 37974K, committed 38528K, reserved 1114112K
  class space    used 4877K, committed 5120K, reserved 1048576K
}
Event: 8.282 GC heap after
{Heap after GC invocations=14 (full 0):
 garbage-first heap   total reserved 2019328K, committed 54272K, used 21119K [0x0000000084c00000, 0x0000000100000000)
  region size 1024K, 2 young (2048K), 2 survivors (2048K)
 Metaspace       used 37974K, committed 38528K, reserved 1114112K
  class space    used 4877K, committed 5120K, reserved 1048576K
}
Event: 8.765 GC heap before
{Heap before GC invocations=14 (full 0):
 garbage-first heap   total reserved 2019328K, committed 54272K, used 46719K [0x0000000084c00000, 0x0000000100000000)
  region size 1024K, 28 young (28672K), 2 survivors (2048K)
 Metaspace       used 40379K, committed 40960K, reserved 1114112K
  class space    used 5293K, committed 5568K, reserved 1048576K
}
Event: 8.770 GC heap after
{Heap after GC invocations=15 (full 0):
 garbage-first heap   total reserved 2019328K, committed 54272K, used 21073K [0x0000000084c00000, 0x0000000100000000)
  region size 1024K, 3 young (3072K), 3 survivors (3072K)
 Metaspace       used 40379K, committed 40960K, reserved 1114112K
  class space    used 5293K, committed 5568K, reserved 1048576K
}
Event: 9.185 GC heap before
{Heap before GC invocations=15 (full 0):
 garbage-first heap   total reserved 2019328K, committed 54272K, used 44625K [0x0000000084c00000, 0x0000000100000000)
  region size 1024K, 27 young (27648K), 3 survivors (3072K)
 Metaspace       used 42820K, committed 43392K, reserved 1114112K
  class space    used 5599K, committed 5888K, reserved 1048576K
}
Event: 9.189 GC heap after
{Heap after GC invocations=16 (full 0):
 garbage-first heap   total reserved 2019328K, committed 65536K, used 21936K [0x0000000084c00000, 0x0000000100000000)
  region size 1024K, 3 young (3072K), 3 survivors (3072K)
 Metaspace       used 42820K, committed 43392K, reserved 1114112K
  class space    used 5599K, committed 5888K, reserved 1048576K
}
Event: 9.801 GC heap before
{Heap before GC invocations=16 (full 0):
 garbage-first heap   total reserved 2019328K, committed 65536K, used 56752K [0x0000000084c00000, 0x0000000100000000)
  region size 1024K, 38 young (38912K), 3 survivors (3072K)
 Metaspace       used 46813K, committed 47424K, reserved 1114112K
  class space    used 6132K, committed 6400K, reserved 1048576K
}
Event: 9.808 GC heap after
{Heap after GC invocations=17 (full 0):
 garbage-first heap   total reserved 2019328K, committed 65536K, used 23595K [0x0000000084c00000, 0x0000000100000000)
  region size 1024K, 4 young (4096K), 4 survivors (4096K)
 Metaspace       used 46813K, committed 47424K, reserved 1114112K
  class space    used 6132K, committed 6400K, reserved 1048576K
}
Event: 10.354 GC heap before
{Heap before GC invocations=17 (full 0):
 garbage-first heap   total reserved 2019328K, committed 65536K, used 56363K [0x0000000084c00000, 0x0000000100000000)
  region size 1024K, 36 young (36864K), 4 survivors (4096K)
 Metaspace       used 49770K, committed 50432K, reserved 1114112K
  class space    used 6503K, committed 6784K, reserved 1048576K
}
Event: 10.358 GC heap after
{Heap after GC invocations=18 (full 0):
 garbage-first heap   total reserved 2019328K, committed 65536K, used 24633K [0x0000000084c00000, 0x0000000100000000)
  region size 1024K, 4 young (4096K), 4 survivors (4096K)
 Metaspace       used 49770K, committed 50432K, reserved 1114112K
  class space    used 6503K, committed 6784K, reserved 1048576K
}
Event: 10.827 GC heap before
{Heap before GC invocations=18 (full 0):
 garbage-first heap   total reserved 2019328K, committed 65536K, used 55353K [0x0000000084c00000, 0x0000000100000000)
  region size 1024K, 35 young (35840K), 4 survivors (4096K)
 Metaspace       used 53937K, committed 54528K, reserved 1114112K
  class space    used 7102K, committed 7360K, reserved 1048576K
}
Event: 10.831 GC heap after
{Heap after GC invocations=19 (full 0):
 garbage-first heap   total reserved 2019328K, committed 65536K, used 24878K [0x0000000084c00000, 0x0000000100000000)
  region size 1024K, 3 young (3072K), 3 survivors (3072K)
 Metaspace       used 53937K, committed 54528K, reserved 1114112K
  class space    used 7102K, committed 7360K, reserved 1048576K
}

